app/buld/intermediates/manifest_merge_blame_file/debug/manifest-merger-blame-debug-report.txt
1<?xml version="1.0" encoding="utf-8"?>
2<manifest xmlns:android="http://schemas.android.com/apk/res/android"
3    package="com.example.android.shushme"
4    android:versionCode="1"
5    android:versionName="1.0" >
6
7    <uses-sdk
8        android:minSdkVersion="16"
8-->src\main\AndroidManifest.xml
9        android:targetSdkVersion="29" />
9-->src\main\AndroidManifest.xml
10
11    <uses-permission android:name="android.permission.INTERNET" />
11-->src\main\AndroidManifest.xml:33:5-66
11-->src\main\AndroidManifest.xml:33:22-64
12    <uses-permission android:name="android.permission.ACCESS_FINE_LOCATION" />
12-->src\main\AndroidManifest.xml:34:5-78
12-->src\main\AndroidManifest.xml:34:22-76
13
14    <!-- Include required permissions for Google Maps API to run. -->
15    <uses-permission android:name="android.permission.ACCESS_NETWORK_STATE" />
15-->[com.google.android.gms:play-services-maps:9.8.0] AndroidManifest.xml:19:5-78
15-->[com.google.android.gms:play-services-maps:9.8.0] AndroidManifest.xml:19:22-76
16
17    <uses-feature
17-->[com.google.android.gms:play-services-maps:9.8.0] AndroidManifest.xml:21:5-77
18        android:glEsVersion="0x00020000"
18-->[com.google.android.gms:play-services-maps:9.8.0] AndroidManifest.xml:21:19-51
19        android:required="true" />
19-->[com.google.android.gms:play-services-maps:9.8.0] AndroidManifest.xml:21:52-75
20
21    <application
21-->src\main\AndroidManifest.xml:5:5-31:19
22        android:allowBackup="true"
22-->src\main\AndroidManifest.xml:6:9-35
23        android:appComponentFactory="androidx.core.app.CoreComponentFactory"
23-->[androidx.core:core:1.0.0] AndroidManifest.xml:22:18-86
24        android:debuggable="true"
25        android:icon="@mipmap/ic_launcher"
25-->src\main\AndroidManifest.xml:7:9-43
26        android:label="@string/app_name"
26-->src\main\AndroidManifest.xml:8:9-41
27        android:supportsRtl="true"
27-->src\main\AndroidManifest.xml:9:9-35
28        android:testOnly="true"
29        android:theme="@style/AppTheme" >
29-->src\main\AndroidManifest.xml:10:9-40
30        <meta-data
30-->src\main\AndroidManifest.xml:12:9-14:56
31            android:name="com.google.android.geo.API_KEY"
31-->src\main\AndroidManifest.xml:13:13-58
32            android:value="insert-your-api-key-here" />
32-->src\main\AndroidManifest.xml:14:13-53
33
34        <activity android:name="com.example.android.shushme.MainActivity" >
34-->src\main\AndroidManifest.xml:17:9-22:20
34-->src\main\AndroidManifest.xml:17:19-74
35            <intent-filter>
35-->src\main\AndroidManifest.xml:18:13-21:29
36                <action android:name="android.intent.action.MAIN" />
36-->src\main\AndroidManifest.xml:19:17-69
36-->src\main\AndroidManifest.xml:19:25-66
37
38                <category android:name="android.intent.category.LAUNCHER" />
38-->src\main\AndroidManifest.xml:20:17-77
38-->src\main\AndroidManifest.xml:20:27-74
39            </intent-filter>
40        </activity>
41
42        <provider
42-->src\main\AndroidManifest.xml:24:9-27:39
43            android:name="com.example.android.shushme.provider.PlaceContentProvider"
43-->src\main\AndroidManifest.xml:25:13-85
44            android:authorities="com.example.android.shushme"
44-->src\main\AndroidManifest.xml:26:13-62
45            android:exported="false" />
45-->src\main\AndroidManifest.xml:27:13-37
46
47        <receiver android:name="com.example.android.shushme.provider.GeofenceBroadcastReceiver" />
47-->src\main\AndroidManifest.xml:29:9-72
47-->src\main\AndroidManifest.xml:29:19-69
48
49        <activity
49-->[com.google.android.gms:play-services-base:9.8.0] AndroidManifest.xml:19:9-172
50            android:name="com.google.android.gms.common.api.GoogleApiActivity"
50-->[com.google.android.gms:play-services-base:9.8.0] AndroidManifest.xml:19:19-85
51            android:exported="false"
51-->[com.google.android.gms:play-services-base:9.8.0] AndroidManifest.xml:19:146-170
52            android:theme="@android:style/Theme.Translucent.NoTitleBar" />
52-->[com.google.android.gms:play-services-base:9.8.0] AndroidManifest.xml:19:86-145
53
54        <meta-data
54-->[com.google.android.gms:play-services-basement:9.8.0] AndroidManifest.xml:20:9-121
55            android:name="com.google.android.gms.version"
55-->[com.google.android.gms:play-services-basement:9.8.0] AndroidManifest.xml:20:20-65
56            android:value="@integer/google_play_services_version" />
56-->[com.google.android.gms:play-services-basement:9.8.0] AndroidManifest.xml:20:66-119
57    </application>
58
59</manifest>